<?xml version="1.0" encoding="UTF-8"?>
<!-- Generated by org.testng.reporters.JUnitXMLReporter -->
<testsuite ignored="0" hostname="DESKTOP-O0L33S4" failures="0" tests="2" name="EdgeTest" time="0.057" errors="0" timestamp="2025-03-25T10:33:13 IST">
  <testcase classname="testCases.TC001_AccountRegistrationTest" name="verify_account_Registration" time="0.0">
    <skipped/>
  </testcase> <!-- verify_account_Registration -->
  <testcase classname="testCases.TC002_LoginTest" name="verify_login" time="0.0">
    <skipped/>
  </testcase> <!-- verify_login -->
</testsuite> <!-- EdgeTest -->
