<?xml version="1.0" encoding="UTF-8"?>
<!-- Generated by org.testng.reporters.JUnitXMLReporter -->
<testsuite ignored="0" hostname="DESKTOP-O0L33S4" failures="0" tests="7" name="Test(failed)" time="81.596" errors="0" timestamp="2025-03-21T07:55:25 IST">
  <testcase classname="testCases.TC003_LoginDDT" name="veify_loginDDT" time="11.403"/>
  <testcase classname="testCases.TC003_LoginDDT" name="veify_loginDDT" time="11.578"/>
  <testcase classname="testCases.TC003_LoginDDT" name="veify_loginDDT" time="2.952"/>
  <testcase classname="testCases.TC003_LoginDDT" name="veify_loginDDT" time="12.002"/>
  <testcase classname="testCases.TC003_LoginDDT" name="veify_loginDDT" time="11.504"/>
  <testcase classname="testCases.TC003_LoginDDT" name="veify_loginDDT" time="11.436"/>
  <testcase classname="testCases.TC003_LoginDDT" name="veify_loginDDT" time="10.849"/>
</testsuite> <!-- Test(failed) -->
